Arguments: 
  /Users/lyric/.nvm/versions/node/v8.9.4/bin/node /usr/local/Cellar/yarn/1.3.2/libexec/bin/yarn.js add --dev flow-bin

PATH: 
  /Users/lyric/.rvm/gems/ruby-2.3.0/bin:/Users/lyric/.rvm/gems/ruby-2.3.0@global/bin:/Users/lyric/.rvm/rubies/ruby-2.3.0/bin:/Users/lyric/.nvm/versions/node/v8.9.4/bin:/usr/local/share/dotnet:/usr/local/gradle/bin:/usr/local/protoc/bin:/Library/Java/JavaVirtualMachines/jdk1.8.0_92.jdk/Contents/Home/bin:/usr/local/Nim/bin:/Users/lyric/nimpath/bin:/usr/local/protoc/bin:/usr/local/node/bin:/usr/local/go/bin:/Users/lyric/go/bin:/usr/local/bin:/usr/bin:/bin:/usr/sbin:/sbin:/Users/lyric/Library/Android/sdk/tools:/Users/lyric/Library/Android/sdk/platform-tools:/Users/lyric/.rvm/bin

Yarn version: 
  1.3.2

Node version: 
  8.9.4

Platform: 
  darwin x64

npm manifest: 
  {
    "private": true,
    "scripts": {
      "start": "roadhog server",
      "build": "roadhog build",
      "lint": "eslint --ext .js src test",
      "precommit": "npm run lint"
    },
    "dependencies": {
      "antd": "^3.1.3",
      "bpmn-js": "^0.26.3",
      "bpmn-js-properties-panel": "^0.19.1",
      "camunda-bpmn-moddle": "^0.13.0",
      "dva": "^2.1.0",
      "js-file-download": "^0.4.1",
      "moment": "^2.20.1",
      "qs": "^6.5.1",
      "react": "^16.2.0",
      "react-dom": "^16.2.0"
    },
    "devDependencies": {
      "babel-plugin-dva-hmr": "^0.3.2",
      "babel-plugin-import": "^1.6.3",
      "eslint": "^4.14.0",
      "eslint-config-umi": "^0.1.1",
      "eslint-plugin-flowtype": "^2.34.1",
      "eslint-plugin-import": "^2.6.0",
      "eslint-plugin-jsx-a11y": "^5.1.1",
      "eslint-plugin-react": "^7.1.0",
      "husky": "^0.12.0",
      "redbox-react": "^1.4.3",
      "roadhog": "^2.0.0"
    }
  }

yarn manifest: 
  No manifest

Lockfile: 
  No lockfile

Trace: 
  Error: EINVAL: invalid argument, unlink '/Users/lyric/go/src/github.com/antlinker/flow/web/node_modules/postcss-modules-extract-imports/node_modules/postcss'
